2024-01-17 04:34:59.921 [info] Added views:workbench.panel.markers.view in workbench.panel.markers
2024-01-17 04:34:59.921 [info] Added views:workbench.panel.output in workbench.panel.output
2024-01-17 04:34:59.921 [info] Added views:terminal in terminal
2024-01-17 04:34:59.921 [info] Added views:outline in workbench.view.explorer
2024-01-17 04:34:59.921 [info] Added views:workbench.scm in workbench.view.scm
2024-01-17 04:34:59.921 [info] Added views:workbench.view.search in workbench.view.search
2024-01-17 04:34:59.921 [info] Added views:timeline in workbench.view.explorer
2024-01-17 04:34:59.921 [info] Added views:workbench.explorer.emptyView in workbench.view.explorer
2024-01-17 04:35:01.045 [info] Added views:workbench.debug.welcome in workbench.view.debug
2024-01-17 04:35:03.708 [info] Added views:workbench.panel.repl.view in workbench.panel.repl
2024-01-17 04:35:12.535 [info] Added views:~remote.forwardedPorts in ~remote.forwardedPortsContainer
2024-01-17 05:00:43.507 [info] Added views:workbench.panel.markers.view in workbench.panel.markers
2024-01-17 05:00:43.507 [info] Added views:workbench.panel.output in workbench.panel.output
2024-01-17 05:00:43.507 [info] Added views:terminal in terminal
2024-01-17 05:00:43.507 [info] Added views:outline in workbench.view.explorer
2024-01-17 05:00:43.507 [info] Added views:workbench.scm in workbench.view.scm
2024-01-17 05:00:43.507 [info] Added views:workbench.view.search in workbench.view.search
2024-01-17 05:00:43.507 [info] Added views:timeline in workbench.view.explorer
2024-01-17 05:00:43.507 [info] Added views:workbench.explorer.fileView in workbench.view.explorer
2024-01-17 05:00:45.140 [info] Added views:workbench.debug.variablesView,workbench.debug.watchExpressionsView,workbench.debug.callStackView,workbench.debug.breakPointsView in workbench.view.debug
2024-01-17 05:00:45.340 [info] Added views:workbench.panel.repl.view in workbench.panel.repl
2024-01-17 05:00:45.341 [info] Removed views:workbench.debug.breakPointsView,workbench.debug.callStackView,workbench.debug.watchExpressionsView,workbench.debug.variablesView from workbench.view.debug
2024-01-17 05:00:45.342 [info] Added views:workbench.debug.welcome in workbench.view.debug
2024-01-17 05:00:46.361 [info] Added views:~remote.forwardedPorts in ~remote.forwardedPortsContainer
