2024-01-04 02:19:45.718 [info] Extension host with pid 2258 started
2024-01-04 02:19:45.929 [info] ExtensionService#_doActivateExtension vscode.emmet, startup: false, activationEvent: 'onLanguage'
2024-01-04 02:19:46.108 [info] ExtensionService#_doActivateExtension vscode.git-base, startup: true, activationEvent: '*', root cause: vscode.git
2024-01-04 02:19:46.124 [info] ExtensionService#_doActivateExtension vscode.git, startup: true, activationEvent: '*'
2024-01-04 02:19:46.402 [info] ExtensionService#_doActivateExtension vscode.github, startup: true, activationEvent: '*'
2024-01-04 02:19:46.728 [info] Eager extensions activated
2024-01-04 02:19:46.971 [info] ExtensionService#_doActivateExtension vscode.debug-auto-launch, startup: false, activationEvent: 'onStartupFinished'
2024-01-04 02:19:46.983 [info] ExtensionService#_doActivateExtension vscode.merge-conflict, startup: false, activationEvent: 'onStartupFinished'
2024-01-04 02:21:25.502 [info] ExtensionService#_doActivateExtension vscode.extension-editing, startup: false, activationEvent: 'onLanguage:markdown'
2024-01-04 02:21:25.563 [info] ExtensionService#_doActivateExtension vscode.markdown-language-features, startup: false, activationEvent: 'onLanguage:markdown'
2024-01-04 02:21:27.600 [info] ExtensionService#_doActivateExtension vscode.markdown-math, startup: false, activationEvent: 'api', root cause: vscode.markdown-language-features
2024-01-04 02:26:58.972 [info] ExtensionService#_doActivateExtension vscode.json-language-features, startup: false, activationEvent: 'onLanguage:jsonc'
2024-01-04 02:26:59.027 [info] ExtensionService#_doActivateExtension vscode.typescript-language-features, startup: false, activationEvent: 'onLanguage:jsonc'
2024-01-04 06:59:46.611 [info] Extension host terminating: renderer closed the MessagePort
2024-01-04 06:59:46.853 [info] Extension host with pid 2258 exiting with code 0
2024-01-04 06:59:50.951 [info] Extension host with pid 3800 started
2024-01-04 06:59:50.951 [info] Skipping acquiring lock for /home/osvaldo/.config/Code/User/workspaceStorage/23cc4dec9c12c5b413defbe407c8ea7d.
2024-01-04 06:59:51.096 [info] ExtensionService#_doActivateExtension vscode.git-base, startup: true, activationEvent: '*'
2024-01-04 06:59:51.168 [info] ExtensionService#_doActivateExtension vscode.github, startup: true, activationEvent: '*'
2024-01-04 06:59:51.240 [info] Eager extensions activated
2024-01-04 06:59:51.290 [info] ExtensionService#_doActivateExtension vscode.debug-auto-launch, startup: false, activationEvent: 'onStartupFinished'
2024-01-04 06:59:51.301 [info] ExtensionService#_doActivateExtension vscode.merge-conflict, startup: false, activationEvent: 'onStartupFinished'
2024-01-04 06:59:57.228 [info] ExtensionService#_doActivateExtension vscode.git, startup: false, activationEvent: 'api', root cause: vscode.github
2024-01-04 07:00:10.975 [info] ExtensionService#_doActivateExtension vscode.emmet, startup: false, activationEvent: 'onLanguage'
2024-01-04 07:00:19.684 [info] Extension host terminating: renderer closed the MessagePort
2024-01-04 07:00:19.715 [info] Extension host with pid 3800 exiting with code 0
