2024-01-10 14:04:52.376 [info] Log level: Info
2024-01-10 14:04:52.376 [info] Validating found git in: "git"
2024-01-10 14:04:52.376 [info] Using git "2.43.0" from "git"
2024-01-10 14:04:52.416 [info] > git rev-parse --show-toplevel [55ms]
2024-01-10 14:04:52.416 [info] fatal: not a git repository (or any of the parent directories): .git
2024-01-10 14:04:52.438 [info] > git rev-parse --show-toplevel [12ms]
2024-01-10 14:04:52.438 [info] fatal: not a git repository (or any of the parent directories): .git
2024-01-10 14:04:53.652 [info] > git rev-parse --show-toplevel [12ms]
2024-01-10 14:04:53.652 [info] fatal: not a git repository (or any of the parent directories): .git
2024-01-10 14:04:56.106 [info] > git rev-parse --show-toplevel [24ms]
2024-01-10 14:04:56.106 [info] fatal: not a git repository (or any of the parent directories): .git
2024-01-10 14:04:56.505 [info] > git rev-parse --show-toplevel [14ms]
2024-01-10 14:04:56.505 [info] fatal: not a git repository (or any of the parent directories): .git
2024-01-10 14:04:56.835 [info] > git rev-parse --show-toplevel [8ms]
2024-01-10 14:04:56.835 [info] fatal: not a git repository (or any of the parent directories): .git
2024-01-10 14:05:19.284 [info] > git rev-parse --show-toplevel [15ms]
2024-01-10 14:05:19.284 [info] fatal: not a git repository (or any of the parent directories): .git
2024-01-10 14:15:12.324 [info] > git rev-parse --show-toplevel [19ms]
2024-01-10 14:15:12.325 [info] fatal: not a git repository (or any of the parent directories): .git
2024-01-10 14:31:16.552 [info] > git rev-parse --show-toplevel [10ms]
2024-01-10 14:31:16.552 [info] fatal: not a git repository (or any of the parent directories): .git
2024-01-11 01:49:45.392 [info] > git rev-parse --show-toplevel [20ms]
2024-01-11 01:49:45.392 [info] fatal: not a git repository (or any of the parent directories): .git
2024-01-11 01:51:09.912 [info] > git rev-parse --show-toplevel [50ms]
2024-01-11 01:51:09.912 [info] fatal: not a git repository (or any of the parent directories): .git
2024-01-11 02:04:31.246 [info] > git rev-parse --show-toplevel [17ms]
2024-01-11 02:04:31.246 [info] fatal: not a git repository (or any of the parent directories): .git
2024-01-11 02:34:56.526 [info] > git rev-parse --show-toplevel [7ms]
2024-01-11 02:34:56.526 [info] fatal: not a git repository (or any of the parent directories): .git
2024-01-11 03:32:31.442 [info] > git rev-parse --show-toplevel [8ms]
2024-01-11 03:32:31.442 [info] fatal: not a git repository (or any of the parent directories): .git
2024-01-11 03:55:34.965 [info] > git rev-parse --show-toplevel [11ms]
2024-01-11 03:55:34.965 [info] fatal: not a git repository (or any of the parent directories): .git
2024-01-11 04:05:22.775 [info] > git rev-parse --show-toplevel [35ms]
2024-01-11 04:05:22.775 [info] fatal: not a git repository (or any of the parent directories): .git
2024-01-11 04:05:25.603 [info] > git rev-parse --show-toplevel [30ms]
2024-01-11 04:05:25.603 [info] fatal: not a git repository (or any of the parent directories): .git
2024-01-11 04:10:13.862 [info] > git rev-parse --show-toplevel [23ms]
2024-01-11 04:10:13.862 [info] fatal: not a git repository (or any of the parent directories): .git
2024-01-11 05:06:41.362 [info] > git rev-parse --show-toplevel [6ms]
2024-01-11 05:06:41.362 [info] fatal: not a git repository (or any of the parent directories): .git
2024-01-11 05:24:12.467 [info] > git rev-parse --show-toplevel [7ms]
2024-01-11 05:24:12.467 [info] fatal: not a git repository (or any of the parent directories): .git
2024-01-11 05:25:28.606 [info] > git rev-parse --show-toplevel [10ms]
2024-01-11 05:25:28.606 [info] fatal: not a git repository (or any of the parent directories): .git
2024-01-11 10:20:32.104 [info] > git rev-parse --show-toplevel [9ms]
2024-01-11 10:20:32.104 [info] fatal: not a git repository (or any of the parent directories): .git
2024-01-11 10:38:19.054 [info] > git rev-parse --show-toplevel [10ms]
2024-01-11 10:38:19.055 [info] fatal: not a git repository (or any of the parent directories): .git
2024-01-12 01:25:19.001 [info] > git rev-parse --show-toplevel [12ms]
2024-01-12 01:25:19.001 [info] fatal: not a git repository (or any of the parent directories): .git
2024-01-12 01:25:34.153 [info] > git rev-parse --show-toplevel [11ms]
2024-01-12 01:25:34.153 [info] fatal: not a git repository (or any of the parent directories): .git
2024-01-12 01:25:36.594 [info] > git rev-parse --show-toplevel [18ms]
2024-01-12 01:25:36.594 [info] fatal: not a git repository (or any of the parent directories): .git
2024-01-12 01:25:52.388 [info] > git rev-parse --show-toplevel [21ms]
2024-01-12 01:25:52.388 [info] fatal: not a git repository (or any of the parent directories): .git
2024-01-12 01:26:15.475 [info] > git rev-parse --show-toplevel [13ms]
2024-01-12 01:26:15.475 [info] fatal: not a git repository (or any of the parent directories): .git
2024-01-12 01:26:37.317 [info] > git rev-parse --show-toplevel [24ms]
2024-01-12 01:26:37.318 [info] fatal: not a git repository (or any of the parent directories): .git
2024-01-12 01:27:03.269 [info] > git rev-parse --show-toplevel [26ms]
2024-01-12 01:27:03.269 [info] fatal: not a git repository (or any of the parent directories): .git
2024-01-12 01:27:39.144 [info] > git rev-parse --show-toplevel [13ms]
2024-01-12 01:27:39.144 [info] fatal: not a git repository (or any of the parent directories): .git
2024-01-12 01:28:02.989 [info] > git rev-parse --show-toplevel [7ms]
2024-01-12 01:28:02.989 [info] fatal: not a git repository (or any of the parent directories): .git
2024-01-12 01:28:14.728 [info] > git rev-parse --show-toplevel [21ms]
2024-01-12 01:28:14.728 [info] fatal: not a git repository (or any of the parent directories): .git
2024-01-12 01:28:32.910 [info] > git rev-parse --show-toplevel [19ms]
2024-01-12 01:28:32.910 [info] fatal: not a git repository (or any of the parent directories): .git
2024-01-12 01:28:34.952 [info] > git rev-parse --show-toplevel [25ms]
2024-01-12 01:28:34.952 [info] fatal: not a git repository (or any of the parent directories): .git
2024-01-12 01:28:53.437 [info] > git rev-parse --show-toplevel [34ms]
2024-01-12 01:28:53.438 [info] fatal: not a git repository (or any of the parent directories): .git
2024-01-12 01:29:15.078 [info] > git rev-parse --show-toplevel [4ms]
2024-01-12 01:29:15.078 [info] fatal: not a git repository (or any of the parent directories): .git
2024-01-12 01:30:39.787 [info] > git rev-parse --show-toplevel [9ms]
2024-01-12 01:30:39.787 [info] fatal: not a git repository (or any of the parent directories): .git
2024-01-12 01:30:41.157 [info] > git rev-parse --show-toplevel [28ms]
2024-01-12 01:30:41.157 [info] fatal: not a git repository (or any of the parent directories): .git
2024-01-12 01:30:43.380 [info] > git rev-parse --show-toplevel [2ms]
2024-01-12 01:30:43.380 [info] fatal: not a git repository (or any of the parent directories): .git
2024-01-12 01:31:04.617 [info] > git rev-parse --show-toplevel [16ms]
2024-01-12 01:31:04.617 [info] fatal: not a git repository (or any of the parent directories): .git
2024-01-12 01:31:06.652 [info] > git rev-parse --show-toplevel [7ms]
2024-01-12 01:31:06.652 [info] fatal: not a git repository (or any of the parent directories): .git
2024-01-12 01:31:10.909 [info] > git rev-parse --show-toplevel [7ms]
2024-01-12 01:31:10.910 [info] fatal: not a git repository (or any of the parent directories): .git
2024-01-12 01:31:13.560 [info] > git rev-parse --show-toplevel [8ms]
2024-01-12 01:31:13.560 [info] fatal: not a git repository (or any of the parent directories): .git
2024-01-12 01:31:16.825 [info] > git rev-parse --show-toplevel [24ms]
2024-01-12 01:31:16.825 [info] fatal: not a git repository (or any of the parent directories): .git
2024-01-12 01:31:40.640 [info] > git rev-parse --show-toplevel [33ms]
2024-01-12 01:31:40.640 [info] fatal: not a git repository (or any of the parent directories): .git
2024-01-12 01:31:42.485 [info] > git rev-parse --show-toplevel [10ms]
2024-01-12 01:31:42.485 [info] fatal: not a git repository (or any of the parent directories): .git
2024-01-12 01:31:44.294 [info] > git rev-parse --show-toplevel [20ms]
2024-01-12 01:31:44.294 [info] fatal: not a git repository (or any of the parent directories): .git
2024-01-12 01:31:45.642 [info] > git rev-parse --show-toplevel [17ms]
2024-01-12 01:31:45.642 [info] fatal: not a git repository (or any of the parent directories): .git
2024-01-12 01:31:47.509 [info] > git rev-parse --show-toplevel [16ms]
2024-01-12 01:31:47.509 [info] fatal: not a git repository (or any of the parent directories): .git
2024-01-12 01:32:00.835 [info] > git rev-parse --show-toplevel [6ms]
2024-01-12 01:32:00.835 [info] fatal: not a git repository (or any of the parent directories): .git
2024-01-12 01:32:02.859 [info] > git rev-parse --show-toplevel [7ms]
2024-01-12 01:32:02.859 [info] fatal: not a git repository (or any of the parent directories): .git
2024-01-12 01:33:19.257 [info] > git rev-parse --show-toplevel [1ms]
2024-01-12 01:33:19.257 [info] fatal: not a git repository (or any of the parent directories): .git
2024-01-12 01:33:22.111 [info] > git rev-parse --show-toplevel [8ms]
2024-01-12 01:33:22.112 [info] fatal: not a git repository (or any of the parent directories): .git
2024-01-12 01:45:08.422 [info] > git rev-parse --show-toplevel [5ms]
2024-01-12 01:45:08.423 [info] fatal: not a git repository (or any of the parent directories): .git
2024-01-12 01:45:10.534 [info] > git rev-parse --show-toplevel [7ms]
2024-01-12 01:45:10.534 [info] fatal: not a git repository (or any of the parent directories): .git
2024-01-12 01:45:15.721 [info] > git rev-parse --show-toplevel [22ms]
2024-01-12 01:45:15.721 [info] fatal: not a git repository (or any of the parent directories): .git
2024-01-12 01:45:43.371 [info] > git rev-parse --show-toplevel [21ms]
2024-01-12 01:45:43.371 [info] fatal: not a git repository (or any of the parent directories): .git
2024-01-12 01:58:15.217 [info] > git rev-parse --show-toplevel [19ms]
2024-01-12 01:58:15.217 [info] fatal: not a git repository (or any of the parent directories): .git
2024-01-12 02:00:57.450 [info] > git rev-parse --show-toplevel [3ms]
2024-01-12 02:00:57.450 [info] fatal: not a git repository (or any of the parent directories): .git
2024-01-12 02:05:06.149 [info] > git rev-parse --show-toplevel [11ms]
2024-01-12 02:05:06.149 [info] fatal: not a git repository (or any of the parent directories): .git
2024-01-12 04:33:23.968 [info] > git rev-parse --show-toplevel [8ms]
2024-01-12 04:33:23.968 [info] fatal: not a git repository (or any of the parent directories): .git
2024-01-12 04:33:25.867 [info] > git rev-parse --show-toplevel [12ms]
2024-01-12 04:33:25.867 [info] fatal: not a git repository (or any of the parent directories): .git
2024-01-12 04:33:28.157 [info] > git rev-parse --show-toplevel [6ms]
2024-01-12 04:33:28.157 [info] fatal: not a git repository (or any of the parent directories): .git
2024-01-12 04:33:30.376 [info] > git rev-parse --show-toplevel [33ms]
2024-01-12 04:33:30.376 [info] fatal: not a git repository (or any of the parent directories): .git
2024-01-12 04:33:32.109 [info] > git rev-parse --show-toplevel [12ms]
2024-01-12 04:33:32.109 [info] fatal: not a git repository (or any of the parent directories): .git
2024-01-12 04:34:17.641 [info] > git rev-parse --show-toplevel [15ms]
2024-01-12 04:34:17.641 [info] fatal: not a git repository (or any of the parent directories): .git
2024-01-12 05:50:29.963 [info] > git rev-parse --show-toplevel [17ms]
2024-01-12 05:50:29.963 [info] fatal: not a git repository (or any of the parent directories): .git
2024-01-12 10:55:10.327 [info] > git rev-parse --show-toplevel [5ms]
2024-01-12 10:55:10.327 [info] fatal: not a git repository (or any of the parent directories): .git
2024-01-12 11:22:33.020 [info] Log level: Info
2024-01-12 11:22:33.020 [info] Validating found git in: "git"
2024-01-12 11:22:33.020 [info] Using git "2.43.0" from "git"
2024-01-12 11:22:47.711 [info] > git rev-parse --show-toplevel [10ms]
2024-01-12 11:22:47.711 [info] fatal: not a git repository (or any of the parent directories): .git
2024-01-12 11:23:08.403 [info] > git rev-parse --show-toplevel [18ms]
2024-01-12 11:23:08.404 [info] fatal: not a git repository (or any of the parent directories): .git
2024-01-13 00:32:44.898 [info] > git rev-parse --show-toplevel [7ms]
2024-01-13 00:32:44.898 [info] fatal: not a git repository (or any of the parent directories): .git
2024-01-13 00:42:30.229 [info] > git rev-parse --show-toplevel [13ms]
2024-01-13 00:42:30.229 [info] fatal: not a git repository (or any of the parent directories): .git
2024-01-13 01:02:13.266 [info] > git rev-parse --show-toplevel [8ms]
2024-01-13 01:02:13.271 [info] fatal: not a git repository (or any of the parent directories): .git
2024-01-13 01:59:49.462 [info] > git rev-parse --show-toplevel [8ms]
2024-01-13 01:59:49.462 [info] fatal: not a git repository (or any of the parent directories): .git
2024-01-13 03:46:56.509 [info] > git rev-parse --show-toplevel [16ms]
2024-01-13 03:46:56.509 [info] fatal: not a git repository (or any of the parent directories): .git
2024-01-13 04:30:44.986 [info] > git rev-parse --show-toplevel [47ms]
2024-01-13 04:30:44.986 [info] fatal: not a git repository (or any of the parent directories): .git
2024-01-13 04:37:42.637 [info] > git rev-parse --show-toplevel [12ms]
2024-01-13 04:37:42.637 [info] fatal: not a git repository (or any of the parent directories): .git
2024-01-13 07:49:46.096 [info] > git rev-parse --show-toplevel [55ms]
2024-01-13 07:49:46.099 [info] fatal: not a git repository (or any of the parent directories): .git
2024-01-13 08:07:24.283 [info] > git rev-parse --show-toplevel [3ms]
2024-01-13 08:07:24.283 [info] fatal: not a git repository (or any of the parent directories): .git
2024-01-13 09:17:50.893 [info] > git rev-parse --show-toplevel [22ms]
2024-01-13 09:17:50.893 [info] fatal: not a git repository (or any of the parent directories): .git
2024-01-13 09:18:20.246 [info] > git rev-parse --show-toplevel [12ms]
2024-01-13 09:18:20.246 [info] fatal: not a git repository (or any of the parent directories): .git
2024-01-13 09:18:35.408 [info] > git rev-parse --show-toplevel [9ms]
2024-01-13 09:18:35.408 [info] fatal: not a git repository (or any of the parent directories): .git
2024-01-13 09:19:02.675 [info] > git rev-parse --show-toplevel [10ms]
2024-01-13 09:19:02.675 [info] fatal: not a git repository (or any of the parent directories): .git
2024-01-13 09:19:05.089 [info] > git rev-parse --show-toplevel [10ms]
2024-01-13 09:19:05.089 [info] fatal: not a git repository (or any of the parent directories): .git
2024-01-13 10:19:18.248 [info] > git rev-parse --show-toplevel [5ms]
2024-01-13 10:19:18.248 [info] fatal: not a git repository (or any of the parent directories): .git
2024-01-13 15:39:13.092 [info] > git rev-parse --show-toplevel [26ms]
2024-01-13 15:39:13.092 [info] fatal: not a git repository (or any of the parent directories): .git
2024-01-13 15:41:31.397 [info] > git rev-parse --show-toplevel [14ms]
2024-01-13 15:41:31.397 [info] fatal: not a git repository (or any of the parent directories): .git
2024-01-13 15:41:57.802 [info] > git rev-parse --show-toplevel [18ms]
2024-01-13 15:41:57.802 [info] fatal: not a git repository (or any of the parent directories): .git
2024-01-13 18:49:02.792 [info] > git rev-parse --show-toplevel [20ms]
2024-01-13 18:49:02.793 [info] fatal: not a git repository (or any of the parent directories): .git
2024-01-13 18:49:13.870 [info] > git rev-parse --show-toplevel [7ms]
2024-01-13 18:49:13.870 [info] fatal: not a git repository (or any of the parent directories): .git
2024-01-13 18:49:35.876 [info] > git rev-parse --show-toplevel [8ms]
2024-01-13 18:49:35.876 [info] fatal: not a git repository (or any of the parent directories): .git
2024-01-13 18:49:37.968 [info] > git rev-parse --show-toplevel [8ms]
2024-01-13 18:49:37.968 [info] fatal: not a git repository (or any of the parent directories): .git
2024-01-13 18:50:03.185 [info] > git rev-parse --show-toplevel [4ms]
2024-01-13 18:50:03.185 [info] fatal: not a git repository (or any of the parent directories): .git
2024-01-13 18:53:25.085 [info] > git rev-parse --show-toplevel [10ms]
2024-01-13 18:53:25.085 [info] fatal: not a git repository (or any of the parent directories): .git
2024-01-13 19:04:45.834 [info] > git rev-parse --show-toplevel [7ms]
2024-01-13 19:04:45.834 [info] fatal: not a git repository (or any of the parent directories): .git
2024-01-13 19:04:56.552 [info] > git rev-parse --show-toplevel [6ms]
2024-01-13 19:04:56.552 [info] fatal: not a git repository (or any of the parent directories): .git
2024-01-13 19:23:32.011 [info] > git rev-parse --show-toplevel [8ms]
2024-01-13 19:23:32.011 [info] fatal: not a git repository (or any of the parent directories): .git
2024-01-13 19:25:15.947 [info] > git rev-parse --show-toplevel [11ms]
2024-01-13 19:25:15.947 [info] fatal: not a git repository (or any of the parent directories): .git
2024-01-13 19:25:31.714 [info] > git rev-parse --show-toplevel [24ms]
2024-01-13 19:25:31.715 [info] fatal: not a git repository (or any of the parent directories): .git
2024-01-13 19:26:17.359 [info] > git rev-parse --show-toplevel [25ms]
2024-01-13 19:26:17.359 [info] fatal: not a git repository (or any of the parent directories): .git
2024-01-13 19:42:25.633 [info] > git rev-parse --show-toplevel [9ms]
2024-01-13 19:42:25.634 [info] fatal: not a git repository (or any of the parent directories): .git
2024-01-13 19:44:17.478 [info] > git rev-parse --show-toplevel [18ms]
2024-01-13 19:44:17.478 [info] fatal: not a git repository (or any of the parent directories): .git
2024-01-13 20:52:34.221 [info] > git rev-parse --show-toplevel [7ms]
2024-01-13 20:52:34.222 [info] fatal: not a git repository (or any of the parent directories): .git
2024-01-13 21:29:37.720 [info] > git rev-parse --show-toplevel [15ms]
2024-01-13 21:29:37.720 [info] fatal: not a git repository (or any of the parent directories): .git
2024-01-13 22:23:06.584 [info] > git rev-parse --show-toplevel [6ms]
2024-01-13 22:23:06.584 [info] fatal: not a git repository (or any of the parent directories): .git
2024-01-13 22:44:45.294 [info] > git rev-parse --show-toplevel [12ms]
2024-01-13 22:44:45.295 [info] fatal: not a git repository (or any of the parent directories): .git
2024-01-14 17:24:43.068 [info] > git rev-parse --show-toplevel [15ms]
2024-01-14 17:24:43.069 [info] fatal: not a git repository (or any of the parent directories): .git
2024-01-14 17:25:30.803 [info] > git rev-parse --show-toplevel [29ms]
2024-01-14 17:25:30.803 [info] fatal: not a git repository (or any of the parent directories): .git
2024-01-14 17:25:55.713 [info] > git rev-parse --show-toplevel [10ms]
2024-01-14 17:25:55.713 [info] fatal: not a git repository (or any of the parent directories): .git
2024-01-14 17:25:59.865 [info] > git rev-parse --show-toplevel [8ms]
2024-01-14 17:25:59.865 [info] fatal: not a git repository (or any of the parent directories): .git
2024-01-14 17:26:28.518 [info] > git rev-parse --show-toplevel [8ms]
2024-01-14 17:26:28.518 [info] fatal: not a git repository (or any of the parent directories): .git
2024-01-14 17:28:02.678 [info] > git rev-parse --show-toplevel [45ms]
2024-01-14 17:28:02.678 [info] fatal: not a git repository (or any of the parent directories): .git
