2024-01-10 14:04:50.415 [info] Extension host with pid 11798 started
2024-01-10 14:04:50.415 [info] Skipping acquiring lock for /home/osvaldo/.config/Code/User/workspaceStorage/23cc4dec9c12c5b413defbe407c8ea7d.
2024-01-10 14:04:51.062 [info] ExtensionService#_doActivateExtension vscode.emmet, startup: false, activationEvent: 'onLanguage'
2024-01-10 14:04:51.605 [info] ExtensionService#_doActivateExtension vscode.git-base, startup: true, activationEvent: '*', root cause: vscode.git
2024-01-10 14:04:51.658 [info] ExtensionService#_doActivateExtension vscode.git, startup: true, activationEvent: '*'
2024-01-10 14:04:51.865 [info] ExtensionService#_doActivateExtension vscode.github, startup: true, activationEvent: '*'
2024-01-10 14:04:52.333 [info] Eager extensions activated
2024-01-10 14:04:52.551 [info] ExtensionService#_doActivateExtension vscode.debug-auto-launch, startup: false, activationEvent: 'onStartupFinished'
2024-01-10 14:04:52.561 [info] ExtensionService#_doActivateExtension vscode.merge-conflict, startup: false, activationEvent: 'onStartupFinished'
2024-01-10 14:10:41.890 [info] ExtensionService#_doActivateExtension vscode.html-language-features, startup: false, activationEvent: 'onLanguage:html'
2024-01-12 11:22:28.756 [info] Extension host terminating: renderer closed the MessagePort
2024-01-12 11:22:28.874 [info] Extension host with pid 11798 exiting with code 0
2024-01-12 11:22:32.087 [info] Extension host with pid 32880 started
2024-01-12 11:22:32.443 [info] ExtensionService#_doActivateExtension vscode.git-base, startup: true, activationEvent: '*', root cause: vscode.git
2024-01-12 11:22:32.549 [info] ExtensionService#_doActivateExtension vscode.git, startup: true, activationEvent: '*'
2024-01-12 11:22:32.693 [info] ExtensionService#_doActivateExtension vscode.github, startup: true, activationEvent: '*'
2024-01-12 11:22:33.004 [info] Eager extensions activated
2024-01-12 11:22:33.183 [info] ExtensionService#_doActivateExtension vscode.debug-auto-launch, startup: false, activationEvent: 'onStartupFinished'
2024-01-12 11:22:33.199 [info] ExtensionService#_doActivateExtension vscode.merge-conflict, startup: false, activationEvent: 'onStartupFinished'
2024-01-12 11:22:47.782 [info] ExtensionService#_doActivateExtension vscode.html-language-features, startup: false, activationEvent: 'onLanguage:html'
2024-01-12 11:22:47.859 [info] ExtensionService#_doActivateExtension vscode.emmet, startup: false, activationEvent: 'onLanguage'
2024-01-16 03:22:54.450 [info] Extension host terminating: renderer closed the MessagePort
2024-01-16 03:22:55.053 [info] Extension host with pid 32880 exiting with code 0
